<?xml version="1.0" encoding="UTF-8"?>
<!-- Generated by org.testng.reporters.JUnitXMLReporter -->
<testsuite ignored="2" hostname="DESKTOP-T0QIQT9" failures="0" tests="2" name="TestRunner-2" time="0.134" errors="0" timestamp="2023-09-20T15:05:15 IST">
  <testcase classname="com.bankingsoftcode.FundTransferAndCheckViewCust" name="fundTransfer" time="0.0">
    <skipped/>
  </testcase> <!-- fundTransfer -->
  <testcase classname="com.bankingsoftcode.CreditTest" name="creditTest" time="0.001">
    <skipped/>
  </testcase> <!-- creditTest -->
  <testcase classname="com.banking.genericUtils.Baseclass" name="@BeforeSuite configBS" time="0.0">
    <ignored/>
  </testcase> <!-- @BeforeSuite configBS -->
  <testcase classname="com.banking.genericUtils.Baseclass" name="@AfterSuite confiAS" time="0.0">
    <ignored/>
  </testcase> <!-- @AfterSuite confiAS -->
</testsuite> <!-- TestRunner-2 -->
