<?xml version="1.0" encoding="UTF-8"?>
<!-- Generated by org.testng.reporters.JUnitXMLReporter -->
<testsuite ignored="0" hostname="DESKTOP-T0QIQT9" failures="0" tests="3" name="TestRuunner2" time="0.01" errors="0" timestamp="2023-09-19T16:38:06 IST">
  <testcase classname="com.testng.Simple" name="simpletest" time="0.001"/>
  <testcase classname="com.testng.Dimple" name="dimpletest" time="0.001"/>
  <testcase classname="com.testng.Sample" name="sampletest" time="0.001"/>
</testsuite> <!-- TestRuunner2 -->
