<?xml version="1.0" encoding="UTF-8"?>
<!-- Generated by org.testng.reporters.JUnitXMLReporter -->
<testsuite ignored="4" hostname="DESKTOP-T0QIQT9" failures="0" tests="3" name="TestRunner3" time="13.466" errors="0" timestamp="2023-09-19T17:38:26 IST">
  <testcase classname="com.testng.Simple" name="simpletest" time="0.033"/>
  <testcase classname="com.testng.Dimple" name="dimpletest" time="0.002"/>
  <testcase classname="com.testng.Sample" name="sampletest" time="0.003"/>
  <testcase classname="com.banking.genericUtils.Baseclass" name="@BeforeSuite configBS" time="0.0">
    <ignored/>
  </testcase> <!-- @BeforeSuite configBS -->
  <testcase classname="com.banking.genericUtils.Baseclass" name="@BeforeSuite configBS" time="0.0">
    <ignored/>
  </testcase> <!-- @BeforeSuite configBS -->
  <testcase classname="com.banking.genericUtils.Baseclass" name="@AfterSuite confiAS" time="0.0">
    <ignored/>
  </testcase> <!-- @AfterSuite confiAS -->
  <testcase classname="com.banking.genericUtils.Baseclass" name="@AfterSuite confiAS" time="0.0">
    <ignored/>
  </testcase> <!-- @AfterSuite confiAS -->
</testsuite> <!-- TestRunner3 -->
