<?xml version="1.0" encoding="UTF-8"?>
<testng-results ignored="0" total="1" passed="1" failed="0" skipped="0">
  <reporter-output>
  </reporter-output>
  <suite started-at="2023-11-04T11:05:15 IST" name="Default suite" finished-at="2023-11-04T11:05:33 IST" duration-ms="18265">
    <groups>
    </groups>
    <test started-at="2023-11-04T11:05:15 IST" name="Default test" finished-at="2023-11-04T11:05:33 IST" duration-ms="18265">
      <class name="finalmock.mock">
        <test-method signature="amazon()[pri:0, instance:finalmock.mock@3023df74]" started-at="2023-11-04T11:05:15 IST" name="amazon" finished-at="2023-11-04T11:05:33 IST" duration-ms="18139" status="PASS">
          <reporter-output>
          </reporter-output>
        </test-method> <!-- amazon -->
      </class> <!-- finalmock.mock -->
    </test> <!-- Default test -->
  </suite> <!-- Default suite -->
</testng-results>
